<?xml version="1.0" encoding="UTF-8"?>
<testng-results skipped="0" failed="0" total="1" passed="1">
  <reporter-output>
  </reporter-output>
  <suite name="Default suite" duration-ms="78182" started-at="2021-01-26T05:08:17Z" finished-at="2021-01-26T05:09:35Z">
    <groups>
    </groups>
    <test name="Default test" duration-ms="78182" started-at="2021-01-26T05:08:17Z" finished-at="2021-01-26T05:09:35Z">
      <class name="shoppinginmyntra">
        <test-method status="PASS" signature="myntralogin()[pri:0, instance:shoppinginmyntra@d2e7d9]" name="myntralogin" duration-ms="78135" started-at="2021-01-26T10:38:17Z" finished-at="2021-01-26T10:39:35Z">
          <reporter-output>
          </reporter-output>
        </test-method> <!-- myntralogin -->
      </class> <!-- shoppinginmyntra -->
    </test> <!-- Default test -->
  </suite> <!-- Default suite -->
</testng-results>
