<?xml version="1.0" encoding="UTF-8"?>
<testng-results skipped="0" failed="0" total="1" passed="1">
  <reporter-output>
  </reporter-output>
  <suite name="Default suite" duration-ms="26420" started-at="2021-01-25T10:15:16Z" finished-at="2021-01-25T10:15:43Z">
    <groups>
    </groups>
    <test name="Default test" duration-ms="26420" started-at="2021-01-25T10:15:16Z" finished-at="2021-01-25T10:15:43Z">
      <class name="shoppinginmyntra">
        <test-method status="PASS" signature="myntralogin()[pri:0, instance:shoppinginmyntra@d2e7d9]" name="myntralogin" duration-ms="26311" started-at="2021-01-25T15:45:16Z" finished-at="2021-01-25T15:45:43Z">
          <reporter-output>
          </reporter-output>
        </test-method> <!-- myntralogin -->
      </class> <!-- shoppinginmyntra -->
    </test> <!-- Default test -->
  </suite> <!-- Default suite -->
</testng-results>
